<?xml version="1.0" encoding="UTF-8"?>
<!-- Generated by org.testng.reporters.JUnitReportReporter -->
<testsuite skipped="0" hostname="Mohammeds-MBP.cable.rcn.com" name="com.usa.runner.file.ScenariRunner" tests="1" failures="0" timestamp="2021-09-18T23:28:51 EDT" time="22.307" errors="0">
  <testcase name="feature" time="22.307" classname="com.usa.runner.file.ScenariRunner"/>
  <system-out>
    <![CDATA[=====Browser Session Started=====]]>
  </system-out>
</testsuite> <!-- com.usa.runner.file.ScenariRunner -->
