<?xml version="1.0" encoding="UTF-8"?>
<!-- Generated by org.testng.reporters.JUnitReportReporter -->
<testsuite skipped="0" hostname="Mohammeds-MBP.cable.rcn.com" name="com.usa.runner.file.CucumberRunner" tests="1" failures="0" timestamp="2021-09-19T19:11:00 EDT" time="0.030" errors="0">
  <testcase name="feature" time="0.030" classname="com.usa.runner.file.CucumberRunner"/>
  <system-out/>
</testsuite> <!-- com.usa.runner.file.CucumberRunner -->
