<?xml version="1.0" encoding="UTF-8"?>
<!-- Generated by org.testng.reporters.JUnitReportReporter -->
<testsuite skipped="0" hostname="Mohammeds-MBP.cable.rcn.com" name="com.usa.login.functions.TextFileLogin" tests="1" failures="0" timestamp="2021-09-18T23:25:57 EDT" time="14.295" errors="0">
  <testcase name="textFileLogin" time="14.295" classname="com.usa.login.functions.TextFileLogin"/>
  <system-out>
    <![CDATA[=====Browser Session Started=====]]>
  </system-out>
</testsuite> <!-- com.usa.login.functions.TextFileLogin -->
